Projeto1.exe: 000036CC: 16:39:31 []:>--------------------------------------------------------------<
Projeto1.exe: 000036CC: 16:39:31 [TUniServerModule]:Server First Init.
Projeto1.exe: 000036CC: 16:39:31 [TUniServerModule]:Start Path = C:\Users\alan_\Desktop\projeto\Win32\Debug\
Projeto1.exe: 000036CC: 16:39:31 [TUniServerModule]:Debug Mode = ON
Projeto1.exe: 000036CC: 16:39:31 [TUniServerModule]:Starting HTTP Server on Port: 8077...
Projeto1.exe: 000036CC: 16:39:31 [TUniServerModule]:HTTP Server Started on Port: 8077
Projeto1.exe: 00003010: 16:39:53 [127.0.0.1]:EUniSessionException : Invalid session or session Timeout. (Session not found: q8ruoqTtIP10C28C1E1 ) : Addr: $0079A5FB
Projeto1.exe: 000039CC: 16:40:24 [127.0.0.1]:EFDException : [FireDAC][Phys]-300. Driver [FB] is not registered. To register it, you can drop component [TFDPhysFBDriverLink] into your project : Addr: $0087D35E
Projeto1.exe: 00002C80: 16:40:49 []:>--------------------------------------------------------------<
Projeto1.exe: 00002C80: 16:40:49 [TUniServerModule]:Server First Init.
Projeto1.exe: 00002C80: 16:40:49 [TUniServerModule]:Start Path = C:\Users\alan_\Desktop\projeto\Win32\Debug\
Projeto1.exe: 00002C80: 16:40:49 [TUniGUISessionManager]:Cache erase job created, Folder count: [1]
Projeto1.exe: 00002C80: 16:40:50 [TUniServerModule]:Starting HTTP Server on Port: 8077...
Projeto1.exe: 00002C80: 16:40:50 [TUniServerModule]:HTTP Server Started on Port: 8077
Projeto1.exe: 00006330: 16:41:33 [127.0.0.1]:EFDException : [FireDAC][Phys]-300. Driver [FB] is not registered. To register it, you can drop component [TFDPhysFBDriverLink] into your project : Addr: $0087D35E
Projeto1.exe: 00002C80: 16:42:56 [TUniServerModule]:Shutting Down Server.
Projeto1.exe: 00002C80: 16:42:56 [TUniServerModule]:Stopping HTTP Server.
Projeto1.exe: 00002C80: 16:42:56 [TUniServerModule]:HTTP Server Stopped.
Projeto1.exe: 00002C80: 16:42:56 [TUniGUISessionManager]:Terminating Session manager.
Projeto1.exe: 00002C80: 16:42:56 [TUniGUISessionManager]:Stopping Cache Eraser...
Projeto1.exe: 00002C80: 16:42:56 [TUniGUISessionManager]:Cache Eraser Stopped.
Projeto1.exe: 00002C80: 16:42:56 [TUniGUISessionManager]:Destroying Worker Threads.
Projeto1.exe: 00002C80: 16:42:56 [TUniGUISessionManager]:Session manager terminated.
Projeto1.exe: 00002C80: 16:42:56 [TUniWebSocketStack]:Terminating...
Projeto1.exe: 00002C80: 16:42:56 [TUniGUIMessageQ]:Terminated.
Projeto1.exe: 00002C80: 16:42:56 [TUniWebSocketStack]:Terminated.
Projeto1.exe: 00002C80: 16:42:57 [TUniServerModule]:Server Shutdown Completed.
Projeto1.exe: 00002C80: 16:42:57 []:<-------------------------------------------------------------->
Projeto1.exe: 00002C80: 16:42:57 [Terminated]:Exit Code: 0
Projeto1.exe: 00004914: 16:43:04 []:>--------------------------------------------------------------<
Projeto1.exe: 00004914: 16:43:04 [TUniServerModule]:Server First Init.
Projeto1.exe: 00004914: 16:43:04 [TUniServerModule]:Start Path = C:\Users\alan_\Desktop\projeto\Win32\Debug\
Projeto1.exe: 00004914: 16:43:04 [TUniGUISessionManager]:Cache erase job created, Folder count: [1]
Projeto1.exe: 00004914: 16:43:05 [TUniServerModule]:Starting HTTP Server on Port: 8077...
Projeto1.exe: 00004914: 16:43:05 [TUniServerModule]:HTTP Server Started on Port: 8077
Projeto1.exe: 00004EAC: 16:43:23 [127.0.0.1]:EFDException : [FireDAC][Phys]-300. Driver [FB] is not registered. To register it, you can drop component [TFDPhysFBDriverLink] into your project : Addr: $0087D35E
Projeto1.exe: 00004914: 16:44:51 [TUniServerModule]:Shutting Down Server.
Projeto1.exe: 00004914: 16:44:51 [TUniServerModule]:Stopping HTTP Server.
Projeto1.exe: 00004914: 16:44:52 [TUniServerModule]:HTTP Server Stopped.
Projeto1.exe: 00004914: 16:44:52 [TUniGUISessionManager]:Terminating Session manager.
Projeto1.exe: 00004914: 16:44:52 [TUniGUISessionManager]:Stopping Cache Eraser...
Projeto1.exe: 00004914: 16:44:52 [TUniGUISessionManager]:Cache Eraser Stopped.
Projeto1.exe: 00004914: 16:44:52 [TUniGUISessionManager]:Destroying Worker Threads.
Projeto1.exe: 00004914: 16:44:52 [TUniGUISessionManager]:Session manager terminated.
Projeto1.exe: 00004914: 16:44:52 [TUniWebSocketStack]:Terminating...
Projeto1.exe: 00004914: 16:44:52 [TUniGUIMessageQ]:Terminated.
Projeto1.exe: 00004914: 16:44:52 [TUniWebSocketStack]:Terminated.
Projeto1.exe: 00004914: 16:44:52 [TUniServerModule]:Server Shutdown Completed.
Projeto1.exe: 00004914: 16:44:52 []:<-------------------------------------------------------------->
Projeto1.exe: 00004914: 16:44:52 [Terminated]:Exit Code: 0
Projeto1.exe: 00001070: 16:50:07 []:>--------------------------------------------------------------<
Projeto1.exe: 00001070: 16:50:07 [TUniServerModule]:Server First Init.
Projeto1.exe: 00001070: 16:50:07 [TUniServerModule]:Start Path = C:\Users\alan_\Desktop\projeto\Win32\Debug\
Projeto1.exe: 00001070: 16:50:07 [TUniServerModule]:Debug Mode = ON
Projeto1.exe: 00001070: 16:50:07 [TUniGUISessionManager]:Cache erase job created, Folder count: [1]
Projeto1.exe: 00001070: 16:50:08 [TUniServerModule]:Starting HTTP Server on Port: 8077...
Projeto1.exe: 00001070: 16:50:08 [TUniServerModule]:HTTP Server Started on Port: 8077
Projeto1.exe: 0000129C: 16:52:07 []:>--------------------------------------------------------------<
Projeto1.exe: 0000129C: 16:52:07 [TUniServerModule]:Server First Init.
Projeto1.exe: 0000129C: 16:52:07 [TUniServerModule]:Start Path = C:\Users\alan_\Desktop\projeto\Win32\Debug\
Projeto1.exe: 0000129C: 16:52:07 [TUniServerModule]:Debug Mode = ON
Projeto1.exe: 0000129C: 16:52:07 [TUniGUISessionManager]:Cache erase job created, Folder count: [1]
Projeto1.exe: 0000129C: 16:52:07 [TUniServerModule]:Starting HTTP Server on Port: 8077...
Projeto1.exe: 0000129C: 16:52:07 [TUniServerModule]:HTTP Server Started on Port: 8077
Projeto1.exe: 00000CE4: 16:52:29 []:>--------------------------------------------------------------<
Projeto1.exe: 00000CE4: 16:52:29 [TUniServerModule]:Server First Init.
Projeto1.exe: 00000CE4: 16:52:29 [TUniServerModule]:Start Path = C:\Users\alan_\Desktop\projeto\Win32\Debug\
Projeto1.exe: 00000CE4: 16:52:29 [TUniServerModule]:Debug Mode = ON
Projeto1.exe: 00000CE4: 16:52:29 [TUniServerModule]:Starting HTTP Server on Port: 8077...
Projeto1.exe: 00000CE4: 16:52:29 [TUniServerModule]:HTTP Server Started on Port: 8077
Projeto1.exe: 00002124: 16:53:34 []:>--------------------------------------------------------------<
Projeto1.exe: 00002124: 16:53:34 [TUniServerModule]:Server First Init.
Projeto1.exe: 00002124: 16:53:34 [TUniServerModule]:Start Path = C:\Users\alan_\Desktop\projeto\Win32\Debug\
Projeto1.exe: 00002124: 16:53:34 [TUniServerModule]:Debug Mode = ON
Projeto1.exe: 00002124: 16:53:34 [TUniGUISessionManager]:Cache erase job created, Folder count: [1]
Projeto1.exe: 00002124: 16:53:34 [TUniServerModule]:Starting HTTP Server on Port: 8077...
Projeto1.exe: 00002124: 16:53:34 [TUniServerModule]:HTTP Server Started on Port: 8077
Projeto1.exe: 00001EA4: 16:53:44 []:>--------------------------------------------------------------<
Projeto1.exe: 00001EA4: 16:53:44 [TUniServerModule]:Server First Init.
Projeto1.exe: 00001EA4: 16:53:44 [TUniServerModule]:Start Path = C:\Users\alan_\Desktop\projeto\Win32\Debug\
Projeto1.exe: 00001EA4: 16:53:44 [TUniServerModule]:Debug Mode = ON
Projeto1.exe: 00001EA4: 16:53:44 [TUniServerModule]:Starting HTTP Server on Port: 8077...
Projeto1.exe: 00001EA4: 16:53:44 [TUniServerModule]:HTTP Server Started on Port: 8077
Projeto1.exe: 00000F78: 16:54:03 []:>--------------------------------------------------------------<
Projeto1.exe: 00000F78: 16:54:03 [TUniServerModule]:Server First Init.
Projeto1.exe: 00000F78: 16:54:03 [TUniServerModule]:Start Path = C:\Users\alan_\Desktop\projeto\Win32\Debug\
Projeto1.exe: 00000F78: 16:54:03 [TUniServerModule]:Debug Mode = ON
Projeto1.exe: 00000F78: 16:54:04 [TUniServerModule]:Starting HTTP Server on Port: 8077...
Projeto1.exe: 00000F78: 16:54:04 [TUniServerModule]:HTTP Server Started on Port: 8077
Projeto1.exe: 00005158: 16:55:25 []:>--------------------------------------------------------------<
Projeto1.exe: 00005158: 16:55:25 [TUniServerModule]:Server First Init.
Projeto1.exe: 00005158: 16:55:25 [TUniServerModule]:Start Path = C:\Users\alan_\Desktop\projeto\Win32\Debug\
Projeto1.exe: 00005158: 16:55:25 [TUniServerModule]:Debug Mode = ON
Projeto1.exe: 00005158: 16:55:25 [TUniGUISessionManager]:Cache erase job created, Folder count: [1]
Projeto1.exe: 00005158: 16:55:25 [TUniServerModule]:Starting HTTP Server on Port: 8077...
Projeto1.exe: 00005158: 16:55:25 [TUniServerModule]:HTTP Server Started on Port: 8077
Projeto1.exe: 000033FC: 16:56:23 []:>--------------------------------------------------------------<
Projeto1.exe: 000033FC: 16:56:23 [TUniServerModule]:Server First Init.
Projeto1.exe: 000033FC: 16:56:23 [TUniServerModule]:Start Path = C:\Users\alan_\Desktop\projeto\Win32\Debug\
Projeto1.exe: 000033FC: 16:56:23 [TUniServerModule]:Debug Mode = ON
Projeto1.exe: 000033FC: 16:56:23 [TUniGUISessionManager]:Cache erase job created, Folder count: [2]
Projeto1.exe: 000033FC: 16:56:23 [TUniServerModule]:Starting HTTP Server on Port: 8077...
Projeto1.exe: 000033FC: 16:56:23 [TUniServerModule]:HTTP Server Started on Port: 8077
Projeto1.exe: 00002EA8: 16:56:39 []:>--------------------------------------------------------------<
Projeto1.exe: 00002EA8: 16:56:39 [TUniServerModule]:Server First Init.
Projeto1.exe: 00002EA8: 16:56:39 [TUniServerModule]:Start Path = C:\Users\alan_\Desktop\projeto\Win32\Debug\
Projeto1.exe: 00002EA8: 16:56:39 [TUniServerModule]:Debug Mode = ON
Projeto1.exe: 00002EA8: 16:56:39 [TUniServerModule]:Starting HTTP Server on Port: 8077...
Projeto1.exe: 00002EA8: 16:56:39 [TUniServerModule]:HTTP Server Started on Port: 8077
Projeto1.exe: 0000247C: 16:56:43 [HandleFileRequest[127.0.0.1]]:File not found: C:\Users\alan_\Desktop\projeto\Win32\Debug\favicon.ico
Projeto1.exe: 00003F34: 17:00:35 []:>--------------------------------------------------------------<
Projeto1.exe: 00003F34: 17:00:35 [TUniServerModule]:Server First Init.
Projeto1.exe: 00003F34: 17:00:35 [TUniServerModule]:Start Path = C:\Users\alan_\Desktop\projeto\Win32\Debug\
Projeto1.exe: 00003F34: 17:00:35 [TUniServerModule]:Debug Mode = ON
Projeto1.exe: 00003F34: 17:00:35 [TUniGUISessionManager]:Cache erase job created, Folder count: [2]
Projeto1.exe: 00003F34: 17:00:35 [TUniServerModule]:Starting HTTP Server on Port: 8077...
Projeto1.exe: 00003F34: 17:00:35 [TUniServerModule]:HTTP Server Started on Port: 8077
Projeto1.exe: 000027F4: 17:00:44 [127.0.0.1]:EUniSessionException : Invalid session or session Timeout. (Session not found: cetmtSulmw10C28D7EE ) : Addr: $0079A623
Projeto1.exe: 00003998: 17:00:44 [127.0.0.1]:EUniSessionException : Invalid session or session Timeout. (Session not found: cetmtSulmw10C28D7EE ) : Addr: $0079A623
Projeto1.exe: 0000448C: 17:18:18 []:>--------------------------------------------------------------<
Projeto1.exe: 0000448C: 17:18:18 [TUniServerModule]:Server First Init.
Projeto1.exe: 0000448C: 17:18:18 [TUniServerModule]:Start Path = C:\Users\alan_\Desktop\projeto\Win32\Debug\
Projeto1.exe: 0000448C: 17:18:18 [TUniServerModule]:Debug Mode = ON
Projeto1.exe: 0000448C: 17:18:18 [TUniGUISessionManager]:Cache erase job created, Folder count: [1]
Projeto1.exe: 0000448C: 17:18:18 [TUniServerModule]:Starting HTTP Server on Port: 8077...
Projeto1.exe: 0000448C: 17:18:18 [TUniServerModule]:HTTP Server Started on Port: 8077
Projeto1.exe: 000045D8: 17:18:27 [HandleFileRequest[127.0.0.1]]:File not found: C:\Users\alan_\Desktop\projeto\Win32\Debug\favicon.ico
Projeto1.exe: 000044CC: 17:22:07 []:>--------------------------------------------------------------<
Projeto1.exe: 000044CC: 17:22:07 [TUniServerModule]:Server First Init.
Projeto1.exe: 000044CC: 17:22:07 [TUniServerModule]:Start Path = C:\Users\alan_\Desktop\projeto\Win32\Debug\
Projeto1.exe: 000044CC: 17:22:07 [TUniServerModule]:Debug Mode = ON
Projeto1.exe: 000044CC: 17:22:07 [TUniGUISessionManager]:Cache erase job created, Folder count: [2]
Projeto1.exe: 000044CC: 17:22:07 [TUniServerModule]:Starting HTTP Server on Port: 8077...
Projeto1.exe: 000044CC: 17:22:07 [TUniServerModule]:HTTP Server Started on Port: 8077
Projeto1.exe: 00001ED0: 17:22:24 []:>--------------------------------------------------------------<
Projeto1.exe: 00001ED0: 17:22:24 [TUniServerModule]:Server First Init.
Projeto1.exe: 00001ED0: 17:22:24 [TUniServerModule]:Start Path = C:\Users\alan_\Desktop\projeto\Win32\Debug\
Projeto1.exe: 00001ED0: 17:22:24 [TUniServerModule]:Debug Mode = ON
Projeto1.exe: 00001ED0: 17:22:24 [TUniServerModule]:Starting HTTP Server on Port: 8077...
Projeto1.exe: 00001ED0: 17:22:24 [TUniServerModule]:HTTP Server Started on Port: 8077
Projeto1.exe: 00000DF0: 17:23:45 []:>--------------------------------------------------------------<
Projeto1.exe: 00000DF0: 17:23:45 [TUniServerModule]:Server First Init.
Projeto1.exe: 00000DF0: 17:23:45 [TUniServerModule]:Start Path = C:\Users\alan_\Desktop\projeto\Win32\Debug\
Projeto1.exe: 00000DF0: 17:23:45 [TUniServerModule]:Debug Mode = ON
Projeto1.exe: 00000DF0: 17:23:45 [TUniGUISessionManager]:Cache erase job created, Folder count: [2]
Projeto1.exe: 00000DF0: 17:23:45 [TUniServerModule]:Starting HTTP Server on Port: 8077...
Projeto1.exe: 00000DF0: 17:23:45 [TUniServerModule]:HTTP Server Started on Port: 8077
Projeto1.exe: 00003AD8: 17:24:05 []:>--------------------------------------------------------------<
Projeto1.exe: 00003AD8: 17:24:05 [TUniServerModule]:Server First Init.
Projeto1.exe: 00003AD8: 17:24:05 [TUniServerModule]:Start Path = C:\Users\alan_\Desktop\projeto\Win32\Debug\
Projeto1.exe: 00003AD8: 17:24:05 [TUniServerModule]:Debug Mode = ON
Projeto1.exe: 00003AD8: 17:24:05 [TUniServerModule]:Starting HTTP Server on Port: 8077...
Projeto1.exe: 00003AD8: 17:24:05 [TUniServerModule]:HTTP Server Started on Port: 8077
Projeto1.exe: 00000738: 17:24:09 [HandleFileRequest[127.0.0.1]]:File not found: C:\Users\alan_\Desktop\projeto\Win32\Debug\favicon.ico
Projeto1.exe: 000046FC: 19:30:44 []:>--------------------------------------------------------------<
Projeto1.exe: 000046FC: 19:30:44 [TUniServerModule]:Server First Init.
Projeto1.exe: 000046FC: 19:30:44 [TUniServerModule]:Start Path = C:\Users\alan_\Desktop\projeto\Win32\Debug\
Projeto1.exe: 000046FC: 19:30:44 [TUniServerModule]:Debug Mode = ON
Projeto1.exe: 000046FC: 19:30:44 [TUniServerModule]:Starting HTTP Server on Port: 8077...
Projeto1.exe: 000046FC: 19:30:45 [TUniServerModule]:HTTP Server Started on Port: 8077
Projeto1.exe: 000044F0: 19:30:48 [HandleFileRequest[127.0.0.1]]:File not found: C:\Users\alan_\Desktop\projeto\Win32\Debug\favicon.ico
Projeto1.exe: 00000C58: 19:43:38 []:>--------------------------------------------------------------<
Projeto1.exe: 00000C58: 19:43:38 [TUniServerModule]:Server First Init.
Projeto1.exe: 00000C58: 19:43:38 [TUniServerModule]:Start Path = C:\Users\alan_\Desktop\projeto\Win32\Debug\
Projeto1.exe: 00000C58: 19:43:38 [TUniServerModule]:Debug Mode = ON
Projeto1.exe: 00000C58: 19:43:38 [TUniGUISessionManager]:Cache erase job created, Folder count: [2]
Projeto1.exe: 00000C58: 19:43:38 [TUniServerModule]:Starting HTTP Server on Port: 8077...
Projeto1.exe: 00000C58: 19:43:38 [TUniServerModule]:HTTP Server Started on Port: 8077
Projeto1.exe: 000050B8: 19:43:54 [127.0.0.1]:Exception : Form Owner must be UniApplication : Addr: $00725045
Projeto1.exe: 000055F8: 19:44:36 []:>--------------------------------------------------------------<
Projeto1.exe: 000055F8: 19:44:36 [TUniServerModule]:Server First Init.
Projeto1.exe: 000055F8: 19:44:36 [TUniServerModule]:Start Path = C:\Users\alan_\Desktop\projeto\Win32\Debug\
Projeto1.exe: 000055F8: 19:44:36 [TUniServerModule]:Debug Mode = ON
Projeto1.exe: 000055F8: 19:44:36 [TUniGUISessionManager]:Cache erase job created, Folder count: [2]
Projeto1.exe: 000055F8: 19:44:37 [TUniServerModule]:Starting HTTP Server on Port: 8077...
Projeto1.exe: 000055F8: 19:44:37 [TUniServerModule]:HTTP Server Started on Port: 8077
Projeto1.exe: 00003044: 19:44:50 [127.0.0.1]:Exception : Form Owner must be UniApplication : Addr: $00725045
Projeto1.exe: 000032E0: 19:45:15 []:>--------------------------------------------------------------<
Projeto1.exe: 000032E0: 19:45:15 [TUniServerModule]:Server First Init.
Projeto1.exe: 000032E0: 19:45:15 [TUniServerModule]:Start Path = C:\Users\alan_\Desktop\projeto\Win32\Debug\
Projeto1.exe: 000032E0: 19:45:15 [TUniServerModule]:Debug Mode = ON
Projeto1.exe: 000032E0: 19:45:15 [TUniGUISessionManager]:Cache erase job created, Folder count: [2]
Projeto1.exe: 000032E0: 19:45:15 [TUniServerModule]:Starting HTTP Server on Port: 8077...
Projeto1.exe: 000032E0: 19:45:15 [TUniServerModule]:HTTP Server Started on Port: 8077
Projeto1.exe: 00004E44: 19:45:20 []:>--------------------------------------------------------------<
Projeto1.exe: 00004E44: 19:45:20 [TUniServerModule]:Server First Init.
Projeto1.exe: 00004E44: 19:45:20 [TUniServerModule]:Start Path = C:\Users\alan_\Desktop\projeto\Win32\Debug\
Projeto1.exe: 00004E44: 19:45:20 [TUniServerModule]:Debug Mode = ON
Projeto1.exe: 00004E44: 19:45:20 [TUniServerModule]:Starting HTTP Server on Port: 8077...
Projeto1.exe: 00004E44: 19:45:20 [TUniServerModule]:HTTP Server Started on Port: 8077
Projeto1.exe: 000056AC: 19:45:37 [127.0.0.1]:Exception : Form Owner must be UniApplication : Addr: $00725045
Projeto1.exe: 000022A8: 19:46:00 []:>--------------------------------------------------------------<
Projeto1.exe: 000022A8: 19:46:00 [TUniServerModule]:Server First Init.
Projeto1.exe: 000022A8: 19:46:00 [TUniServerModule]:Start Path = C:\Users\alan_\Desktop\projeto\Win32\Debug\
Projeto1.exe: 000022A8: 19:46:00 [TUniServerModule]:Debug Mode = ON
Projeto1.exe: 000022A8: 19:46:00 [TUniGUISessionManager]:Cache erase job created, Folder count: [1]
Projeto1.exe: 000022A8: 19:46:01 [TUniServerModule]:Starting HTTP Server on Port: 8077...
Projeto1.exe: 000022A8: 19:46:01 [TUniServerModule]:HTTP Server Started on Port: 8077
Projeto1.exe: 00000B58: 19:46:06 []:>--------------------------------------------------------------<
Projeto1.exe: 00000B58: 19:46:06 [TUniServerModule]:Server First Init.
Projeto1.exe: 00000B58: 19:46:06 [TUniServerModule]:Start Path = C:\Users\alan_\Desktop\projeto\Win32\Debug\
Projeto1.exe: 00000B58: 19:46:06 [TUniServerModule]:Debug Mode = ON
Projeto1.exe: 00000B58: 19:46:07 [TUniServerModule]:Starting HTTP Server on Port: 8077...
Projeto1.exe: 00000B58: 19:46:07 [TUniServerModule]:HTTP Server Started on Port: 8077
Projeto1.exe: 0000515C: 19:46:35 [127.0.0.1]:Exception : Form Owner must be UniApplication : Addr: $00725045
Projeto1.exe: 00005878: 19:49:00 []:>--------------------------------------------------------------<
Projeto1.exe: 00005878: 19:49:00 [TUniServerModule]:Server First Init.
Projeto1.exe: 00005878: 19:49:00 [TUniServerModule]:Start Path = C:\Users\alan_\Desktop\projeto\Win32\Debug\
Projeto1.exe: 00005878: 19:49:00 [TUniServerModule]:Debug Mode = ON
Projeto1.exe: 00005878: 19:49:00 [TUniGUISessionManager]:Cache erase job created, Folder count: [1]
Projeto1.exe: 00005878: 19:49:00 [TUniServerModule]:Starting HTTP Server on Port: 8077...
Projeto1.exe: 00005878: 19:49:00 [TUniServerModule]:HTTP Server Started on Port: 8077
Projeto1.exe: 00005094: 19:51:08 []:>--------------------------------------------------------------<
Projeto1.exe: 00005094: 19:51:08 [TUniServerModule]:Server First Init.
Projeto1.exe: 00005094: 19:51:08 [TUniServerModule]:Start Path = C:\Users\alan_\Desktop\projeto\Win32\Debug\
Projeto1.exe: 00005094: 19:51:08 [TUniServerModule]:Debug Mode = ON
Projeto1.exe: 00005094: 19:51:08 [TUniServerModule]:Starting HTTP Server on Port: 8077...
Projeto1.exe: 00005094: 19:51:08 [TUniServerModule]:HTTP Server Started on Port: 8077
Projeto1.exe: 00004088: 19:51:55 []:>--------------------------------------------------------------<
Projeto1.exe: 00004088: 19:51:55 [TUniServerModule]:Server First Init.
Projeto1.exe: 00004088: 19:51:55 [TUniServerModule]:Start Path = C:\Users\alan_\Desktop\projeto\Win32\Debug\
Projeto1.exe: 00004088: 19:51:55 [TUniServerModule]:Debug Mode = ON
Projeto1.exe: 00004088: 19:51:55 [TUniGUISessionManager]:Cache erase job created, Folder count: [2]
Projeto1.exe: 00004088: 19:51:56 [TUniServerModule]:Starting HTTP Server on Port: 8077...
Projeto1.exe: 00004088: 19:51:56 [TUniServerModule]:HTTP Server Started on Port: 8077
Projeto1.exe: 0000373C: 19:52:10 []:>--------------------------------------------------------------<
Projeto1.exe: 0000373C: 19:52:10 [TUniServerModule]:Server First Init.
Projeto1.exe: 0000373C: 19:52:10 [TUniServerModule]:Start Path = C:\Users\alan_\Desktop\projeto\Win32\Debug\
Projeto1.exe: 0000373C: 19:52:10 [TUniServerModule]:Debug Mode = ON
Projeto1.exe: 0000373C: 19:52:11 [TUniServerModule]:Starting HTTP Server on Port: 8077...
Projeto1.exe: 0000373C: 19:52:11 [TUniServerModule]:HTTP Server Started on Port: 8077
Projeto1.exe: 000050A0: 19:57:27 [127.0.0.1]:EUniSessionException : Invalid session or session Timeout. (Session not found: h5EUtWUdXS10C29078B ) : Addr: $0079A623
